0 info it worked if it ends with ok
1 verbose cli [ 'C:\\Program Files\\nodejs\\node.exe',
1 verbose cli   'C:\\Program Files\\nodejs\\node_modules\\npm\\bin\\npm-cli.js',
1 verbose cli   'run',
1 verbose cli   'update' ]
2 info using npm@3.10.8
3 info using node@v6.8.1
4 verbose run-script [ 'preupdate', 'update', 'postupdate' ]
5 info lifecycle @~preupdate: @
6 silly lifecycle @~preupdate: no script for preupdate, continuing
7 info lifecycle @~update: @
8 verbose lifecycle @~update: unsafe-perm in lifecycle true
9 verbose lifecycle @~update: PATH: C:\Program Files\nodejs\node_modules\npm\bin\node-gyp-bin;E:\Project\ChDCNovelReader\App\NovelReader\node_modules\.bin;C:\Windows\system32;C:\Windows;C:\Program Files\Java\jre1.8.0_91\bin;C:\Program Files\Java\jdk1.8.0_91\bin;C:\ProgramData\Oracle\Java\javapath;C:\Windows\System32\Wbem;C:\Windows\System32\WindowsPowerShell\v1.0\;C:\Program Files (x86)\NVIDIA Corporation\PhysX\Common;C:\Program Files\nodejs\;C:\Program Files\Git\cmd;C:\WINDOWS\system32\config\systemprofile\.dnx\bin;C:\Program Files\Microsoft DNX\Dnvm\;C:\Program Files\Microsoft SQL Server\130\Tools\Binn\;C:\Program Files (x86)\Windows Kits\10\Windows Performance Toolkit\;C:\WINDOWS\system32;C:\WINDOWS;C:\WINDOWS\System32\Wbem;C:\WINDOWS\System32\WindowsPowerShell\v1.0\;C:\Program Files\TortoiseSVN\bin;C:\ProgramData\chocolatey\bin;D:\System\IDE\apache-maven-3.3.9\bin;E:\AppData\Android\sdk\platform-tools;D:\System\Program\Ruby23-x64\bin;D:\System\Program\Anaconda3;D:\System\Program\Anaconda3\Scripts;D:\System\Program\Anaconda3\Library\bin;C:\Program Files (x86)\Nmap;C:\Users\Wen\AppData\Roaming\npm;D:\System\Scripts\ChDCTools;C:\Users\Wen\AppData\Local\Microsoft\WindowsApps;D:\System\Program\ffmpeg\bin;D:\System\Program\rtmpdump;D:\System\Program\Git\usr\bin;D:\System\Program\Git\bin;D:\System\Program\Nmap;D:\System\Program\Tools;D:\System\Program\Vim\vim74;D:\System\Program\graphviz\bin;D:\System\Program\ADB;D:\System\Program\Anaconda3;D:\System\Program\Anaconda3\Scripts;D:\System\Program\Pandoc;D:\System\Program\MinGW\bin;C:\Program Files (x86)\Microsoft VS Code\bin;C:\Users\Wen\AppData\Local\atom\bin;D:\System\PortableApps\7-ZipPortable\App\7-Zip
10 verbose lifecycle @~update: CWD: E:\Project\ChDCNovelReader\App\NovelReader
11 silly lifecycle @~update: Args: [ '/d /s /c', 'tools\\UpdateResources.bat' ]
12 silly lifecycle @~update: Returned: code: 2  signal: null
13 info lifecycle @~update: Failed to exec update script
14 verbose stack Error: @ update: `tools\UpdateResources.bat`
14 verbose stack Exit status 2
14 verbose stack     at EventEmitter.<anonymous> (C:\Program Files\nodejs\node_modules\npm\lib\utils\lifecycle.js:255:16)
14 verbose stack     at emitTwo (events.js:106:13)
14 verbose stack     at EventEmitter.emit (events.js:191:7)
14 verbose stack     at ChildProcess.<anonymous> (C:\Program Files\nodejs\node_modules\npm\lib\utils\spawn.js:40:14)
14 verbose stack     at emitTwo (events.js:106:13)
14 verbose stack     at ChildProcess.emit (events.js:191:7)
14 verbose stack     at maybeClose (internal/child_process.js:877:16)
14 verbose stack     at Process.ChildProcess._handle.onexit (internal/child_process.js:226:5)
15 verbose pkgid @
16 verbose cwd E:\Project\ChDCNovelReader\App\NovelReader
17 error Windows_NT 10.0.14393
18 error argv "C:\\Program Files\\nodejs\\node.exe" "C:\\Program Files\\nodejs\\node_modules\\npm\\bin\\npm-cli.js" "run" "update"
19 error node v6.8.1
20 error npm  v3.10.8
21 error code ELIFECYCLE
22 error @ update: `tools\UpdateResources.bat`
22 error Exit status 2
23 error Failed at the @ update script 'tools\UpdateResources.bat'.
23 error Make sure you have the latest version of node.js and npm installed.
23 error If you do, this is most likely a problem with the  package,
23 error not with npm itself.
23 error Tell the author that this fails on your system:
23 error     tools\UpdateResources.bat
23 error You can get information on how to open an issue for this project with:
23 error     npm bugs
23 error Or if that isn't available, you can get their info via:
23 error     npm owner ls
23 error There is likely additional logging output above.
24 verbose exit [ 1, true ]
